tests/med_1
292
tests/med_10
294
tests/med_100
291
tests/med_11
293
tests/med_12
291
tests/med_13
294
tests/med_14
295
tests/med_15
296
tests/med_16
290
tests/med_17
291
tests/med_18
292
tests/med_19
292
tests/med_2
294
tests/med_20
292
tests/med_21
294
tests/med_22
294
tests/med_23
297
tests/med_24
295
tests/med_25
297
tests/med_26
294
tests/med_27
295
tests/med_28
296
tests/med_29
294
tests/med_3
294
tests/med_30
296
tests/med_31
296
tests/med_32
295
tests/med_33
292
tests/med_34
297
tests/med_35
292
tests/med_36
296
tests/med_37
296
tests/med_38
293
tests/med_39
296
tests/med_4
293
tests/med_40
297
tests/med_41
295
tests/med_42
296
tests/med_43
296
tests/med_44
293
tests/med_45
294
tests/med_46
296
tests/med_47
291
tests/med_48
299
tests/med_49
295
tests/med_5
297
tests/med_50
297
tests/med_51
293
tests/med_52
292
tests/med_53
295
tests/med_54
293
tests/med_55
291
tests/med_56
293
tests/med_57
293
tests/med_58
294
tests/med_59
294
tests/med_6
297
tests/med_60
293
tests/med_61
297
tests/med_62
296
tests/med_63
293
tests/med_64
292
tests/med_65
294
tests/med_66
294
tests/med_67
298
tests/med_68
294
tests/med_69
297
tests/med_7
293
tests/med_70
295
tests/med_71
292
tests/med_72
298
tests/med_73
294
tests/med_74
296
tests/med_75
295
tests/med_76
295
tests/med_77
296
tests/med_78
294
tests/med_79
297
tests/med_8
295
tests/med_80
291
tests/med_81
292
tests/med_82
296
tests/med_83
292
tests/med_84
293
tests/med_85
294
tests/med_86
291
tests/med_87
292
tests/med_88
292
tests/med_89
295
tests/med_9
298
tests/med_90
294
tests/med_91
293
tests/med_92
296
tests/med_93
294
tests/med_94
294
tests/med_95
296
tests/med_96
293
tests/med_97
295
tests/med_98
296
tests/med_99
295
tests/small_1
5
tests/small_10
4
tests/small_100
5
tests/small_11
5
tests/small_12
5
tests/small_13
5
tests/small_14
4
tests/small_15
5
tests/small_16
4
tests/small_17
5
tests/small_18
5
tests/small_19
5
tests/small_2
5
tests/small_20
5
tests/small_21
5
tests/small_22
5
tests/small_23
5
tests/small_24
5
tests/small_25
3
tests/small_26
5
tests/small_27
5
tests/small_28
5
tests/small_29
5
tests/small_3
5
tests/small_30
4
tests/small_31
4
tests/small_32
5
tests/small_33
5
tests/small_34
5
tests/small_35
5
tests/small_36
5
tests/small_37
5
tests/small_38
5
tests/small_39
5
tests/small_4
5
tests/small_40
5
tests/small_41
5
tests/small_42
5
tests/small_43
4
tests/small_44
4
tests/small_45
4
tests/small_46
5
tests/small_47
5
tests/small_48
5
tests/small_49
5
tests/small_5
5
tests/small_50
4
tests/small_51
5
tests/small_52
5
tests/small_53
5
tests/small_54
4
tests/small_55
5
tests/small_56
5
tests/small_57
4
tests/small_58
5
tests/small_59
5
tests/small_6
3
tests/small_60
5
tests/small_61
5
tests/small_62
4
tests/small_63
5
tests/small_64
5
tests/small_65
5
tests/small_66
4
tests/small_67
4
tests/small_68
5
tests/small_69
5
tests/small_7
5
tests/small_70
5
tests/small_71
5
tests/small_72
5
tests/small_73
5
tests/small_74
5
tests/small_75
4
tests/small_76
5
tests/small_77
4
tests/small_78
5
tests/small_79
4
tests/small_8
4
tests/small_80
5
tests/small_81
5
tests/small_82
5
tests/small_83
5
tests/small_84
5
tests/small_85
5
tests/small_86
5
tests/small_87
5
tests/small_88
5
tests/small_89
4
tests/small_9
5
tests/small_90
5
tests/small_91
5
tests/small_92
5
tests/small_93
4
tests/small_94
5
tests/small_95
4
tests/small_96
4
tests/small_97
5
tests/small_98
5
tests/small_99
5
